<?xml version="1.0" encoding="UTF-8"?>
<!-- Generated by org.testng.reporters.JUnitReportReporter -->
<testsuite skipped="1" hostname="ISCHLAPHP19352" name="com.crmautomation.TestRunner.TestRunner" tests="1" failures="0" timestamp="26 Oct 2020 03:35:49 GMT" time="0.000" errors="0">
  <testcase name="feature" time="0.000" classname="com.crmautomation.TestRunner.TestRunner">
    <skipped/>
  </testcase> <!-- feature -->
</testsuite> <!-- com.crmautomation.TestRunner.TestRunner -->
