<?xml version="1.0" encoding="UTF-8"?>
<!-- Generated by org.testng.reporters.JUnitReportReporter -->
<testsuite skipped="0" hostname="ISCHLAPHP19352" name="com.crmautomation.TestRunner.testrunner_ex" tests="4" failures="0" timestamp="03 Nov 2020 04:01:37 GMT" time="147.946" errors="0">
  <testcase name="feature" time="25.029" classname="com.crmautomation.TestRunner.testrunner_ex"/>
  <testcase name="feature" time="37.261" classname="com.crmautomation.TestRunner.testrunner_ex"/>
  <testcase name="feature" time="44.534" classname="com.crmautomation.TestRunner.testrunner_ex"/>
  <testcase name="feature" time="41.122" classname="com.crmautomation.TestRunner.testrunner_ex"/>
</testsuite> <!-- com.crmautomation.TestRunner.testrunner_ex -->
