<?xml version="1.0" encoding="UTF-8"?>
<!-- Generated by org.testng.reporters.JUnitReportReporter -->
<testsuite skipped="0" hostname="ISCHLAPHP19352" name="com.crmautomation.TestRunner.runnerDemo" tests="1" failures="0" timestamp="26 Oct 2020 10:57:37 GMT" time="19.266" errors="0">
  <testcase name="runScenario" time="19.266" classname="com.crmautomation.TestRunner.runnerDemo"/>
</testsuite> <!-- com.crmautomation.TestRunner.runnerDemo -->
