<?xml version="1.0" encoding="UTF-8"?>
<!-- Generated by org.testng.reporters.JUnitReportReporter -->
<testsuite skipped="0" hostname="ISCHLAPHP19352" name="com.crmautomation.TestRunner.runnerclass" tests="4" failures="0" timestamp="03 Nov 2020 03:14:03 GMT" time="121.356" errors="0">
  <testcase name="runScenario" time="23.124" classname="com.crmautomation.TestRunner.runnerclass"/>
  <testcase name="runScenario" time="22.396" classname="com.crmautomation.TestRunner.runnerclass"/>
  <testcase name="runScenario" time="39.603" classname="com.crmautomation.TestRunner.runnerclass"/>
  <testcase name="runScenario" time="36.233" classname="com.crmautomation.TestRunner.runnerclass"/>
</testsuite> <!-- com.crmautomation.TestRunner.runnerclass -->
